<?xml version="1.0" encoding="UTF-8"?>
<!-- Generated by org.testng.reporters.JUnitXMLReporter -->
<testsuite ignored="10" hostname="DESKTOP-F5P92LD" failures="0" tests="1" name="Default test" time="3.041" errors="0" timestamp="2024-11-08T14:53:01 IST">
  <testcase classname="com.omrbranch.pojo.sample.Sample_Api" name="searchProduct" time="2.941"/>
  <testcase classname="com.omrbranch.pojo.sample.Sample_Api" name="addUserAddress" time="0.0">
    <ignored/>
  </testcase> <!-- addUserAddress -->
  <testcase classname="com.omrbranch.pojo.sample.Sample_Api" name="updateUserAddress" time="0.0">
    <ignored/>
  </testcase> <!-- updateUserAddress -->
  <testcase classname="com.omrbranch.pojo.sample.Sample_Api" name="login" time="0.0">
    <ignored/>
  </testcase> <!-- login -->
  <testcase classname="com.omrbranch.pojo.sample.Sample_Api" name="deleteUserAddress" time="0.0">
    <ignored/>
  </testcase> <!-- deleteUserAddress -->
  <testcase classname="com.omrbranch.pojo.sample.Sample_Api" name="getCityList" time="0.0">
    <ignored/>
  </testcase> <!-- getCityList -->
  <testcase classname="com.omrbranch.pojo.sample.Sample_Api" name="clearCart" time="0.0">
    <ignored/>
  </testcase> <!-- clearCart -->
  <testcase classname="com.omrbranch.pojo.sample.Sample_Api" name="getUserAddress" time="0.0">
    <ignored/>
  </testcase> <!-- getUserAddress -->
  <testcase classname="com.omrbranch.pojo.sample.Sample_Api" name="categoryList" time="0.0">
    <ignored/>
  </testcase> <!-- categoryList -->
  <testcase classname="com.omrbranch.pojo.sample.Sample_Api" name="productList" time="0.0">
    <ignored/>
  </testcase> <!-- productList -->
  <testcase classname="com.omrbranch.pojo.sample.Sample_Api" name="getStateList" time="0.0">
    <ignored/>
  </testcase> <!-- getStateList -->
</testsuite> <!-- Default test -->
