<?xml version="1.0" encoding="UTF-8"?>
<!-- Generated by org.testng.reporters.JUnitXMLReporter -->
<testsuite ignored="2" hostname="DESKTOP-F5P92LD" failures="0" tests="8" name="Default test" time="4.718" errors="0" timestamp="2024-11-07T18:12:13 IST">
  <testcase classname="com.omrbranch.pojo.sample.Sample_Api" name="login" time="1.954"/>
  <testcase classname="com.omrbranch.pojo.sample.Sample_Api" name="getStateList" time="0.303"/>
  <testcase classname="com.omrbranch.pojo.sample.Sample_Api" name="getCityList" time="0.401"/>
  <testcase classname="com.omrbranch.pojo.sample.Sample_Api" name="addUserAddress" time="0.307"/>
  <testcase classname="com.omrbranch.pojo.sample.Sample_Api" name="updateUserAddress" time="0.334"/>
  <testcase classname="com.omrbranch.pojo.sample.Sample_Api" name="getUserAddress" time="0.365"/>
  <testcase classname="com.omrbranch.pojo.sample.Sample_Api" name="categoryList" time="0.312"/>
  <testcase classname="com.omrbranch.pojo.sample.Sample_Api" name="productList" time="0.677"/>
  <testcase classname="com.omrbranch.pojo.sample.Sample_Api" name="searchProduct" time="0.0">
    <ignored/>
  </testcase> <!-- searchProduct -->
  <testcase classname="com.omrbranch.pojo.sample.Sample_Api" name="deleteUserAddress" time="0.0">
    <ignored/>
  </testcase> <!-- deleteUserAddress -->
</testsuite> <!-- Default test -->
