<?xml version="1.0" encoding="UTF-8"?>
<testng-results ignored="0" total="1" passed="1" failed="0" skipped="0">
  <reporter-output>
  </reporter-output>
  <suite started-at="2024-11-08T14:52:58 IST" name="Default suite" finished-at="2024-11-08T14:53:01 IST" duration-ms="3041">
    <groups>
    </groups>
    <test started-at="2024-11-08T14:52:58 IST" name="Default test" finished-at="2024-11-08T14:53:01 IST" duration-ms="3041">
      <class name="com.omrbranch.pojo.sample.Sample_Api">
        <test-method signature="searchProduct()[pri:8, instance:com.omrbranch.pojo.sample.Sample_Api@5c6648b0]" started-at="2024-11-08T14:52:58 IST" name="searchProduct" finished-at="2024-11-08T14:53:01 IST" duration-ms="2941" status="PASS">
          <reporter-output>
          </reporter-output>
        </test-method> <!-- searchProduct -->
      </class> <!-- com.omrbranch.pojo.sample.Sample_Api -->
    </test> <!-- Default test -->
  </suite> <!-- Default suite -->
</testng-results>
